<?xml version="1.0" encoding="UTF-8"?>
<!-- Generated by org.testng.reporters.JUnitReportReporter -->
<testsuite skipped="0" hostname="Dell-Inspiron-5482" name="cycle.Sample" tests="1" failures="0" timestamp="2021-02-26T22:26:56 IST" time="2.565" errors="0">
  <testcase name="sampleTest" time="2.565" classname="cycle.Sample"/>
  <system-out/>
</testsuite> <!-- cycle.Sample -->
